Determining if the pthread_create exist failed with the following output:
Change Dir: /home/iamctr/homeworks/6122/FinalProject/FinalProject/build/CMakeFiles/CMakeTmp

Run Build Command:"/usr/bin/make" "cmTC_eab08/fast"
/usr/bin/make -f CMakeFiles/cmTC_eab08.dir/build.make CMakeFiles/cmTC_eab08.dir/build
make[1]: Entering directory '/home/iamctr/homeworks/6122/FinalProject/FinalProject/build/CMakeFiles/CMakeTmp'
Building C object CMakeFiles/cmTC_eab08.dir/CheckSymbolExists.c.o
/usr/bin/cc   -fPIC    -o CMakeFiles/cmTC_eab08.dir/CheckSymbolExists.c.o   -c /home/iamctr/homeworks/6122/FinalProject/FinalProject/build/CMakeFiles/CMakeTmp/CheckSymbolExists.c
Linking C executable cmTC_eab08
/usr/bin/cmake -E cmake_link_script CMakeFiles/cmTC_eab08.dir/link.txt --verbose=1
/usr/bin/cc -fPIC     CMakeFiles/cmTC_eab08.dir/CheckSymbolExists.c.o  -o cmTC_eab08 
CMakeFiles/cmTC_eab08.dir/CheckSymbolExists.c.o: In function `main':
CheckSymbolExists.c:(.text+0x1b): undefined reference to `pthread_create'
collect2: error: ld returned 1 exit status
CMakeFiles/cmTC_eab08.dir/build.make:97: recipe for target 'cmTC_eab08' failed
make[1]: *** [cmTC_eab08] Error 1
make[1]: Leaving directory '/home/iamctr/homeworks/6122/FinalProject/FinalProject/build/CMakeFiles/CMakeTmp'
Makefile:126: recipe for target 'cmTC_eab08/fast' failed
make: *** [cmTC_eab08/fast] Error 2

File /home/iamctr/homeworks/6122/FinalProject/FinalProject/build/CMakeFiles/CMakeTmp/CheckSymbolExists.c:
/* */
#include <pthread.h>

int main(int argc, char** argv)
{
  (void)argv;
#ifndef pthread_create
  return ((int*)(&pthread_create))[argc];
#else
  (void)argc;
  return 0;
#endif
}

Determining if the function pthread_create exists in the pthreads failed with the following output:
Change Dir: /home/iamctr/homeworks/6122/FinalProject/FinalProject/build/CMakeFiles/CMakeTmp

Run Build Command:"/usr/bin/make" "cmTC_ee98c/fast"
/usr/bin/make -f CMakeFiles/cmTC_ee98c.dir/build.make CMakeFiles/cmTC_ee98c.dir/build
make[1]: Entering directory '/home/iamctr/homeworks/6122/FinalProject/FinalProject/build/CMakeFiles/CMakeTmp'
Building C object CMakeFiles/cmTC_ee98c.dir/CheckFunctionExists.c.o
/usr/bin/cc   -fPIC -DCHECK_FUNCTION_EXISTS=pthread_create   -o CMakeFiles/cmTC_ee98c.dir/CheckFunctionExists.c.o   -c /usr/share/cmake-3.10/Modules/CheckFunctionExists.c
Linking C executable cmTC_ee98c
/usr/bin/cmake -E cmake_link_script CMakeFiles/cmTC_ee98c.dir/link.txt --verbose=1
/usr/bin/cc -fPIC -DCHECK_FUNCTION_EXISTS=pthread_create    CMakeFiles/cmTC_ee98c.dir/CheckFunctionExists.c.o  -o cmTC_ee98c -lpthreads 
/usr/bin/ld: cannot find -lpthreads
collect2: error: ld returned 1 exit status
CMakeFiles/cmTC_ee98c.dir/build.make:97: recipe for target 'cmTC_ee98c' failed
make[1]: *** [cmTC_ee98c] Error 1
make[1]: Leaving directory '/home/iamctr/homeworks/6122/FinalProject/FinalProject/build/CMakeFiles/CMakeTmp'
Makefile:126: recipe for target 'cmTC_ee98c/fast' failed
make: *** [cmTC_ee98c/fast] Error 2


